#Packing pin usage report
Type: io
	Input Pin Usage:
		Max: 1.00 (0.50)
		Avg: 0.25 (0.12)
		Min: 0.00 (0.00)
		Histogram:
		[        0:      0.2) 3 ( 75.0%) |*************************************************
		[      0.2:      0.4) 0 (  0.0%) |
		[      0.4:      0.6) 0 (  0.0%) |
		[      0.6:      0.8) 0 (  0.0%) |
		[      0.8:        1) 1 ( 25.0%) |****************
		[        1:      1.2) 0 (  0.0%) |
		[      1.2:      1.4) 0 (  0.0%) |
		[      1.4:      1.6) 0 (  0.0%) |
		[      1.6:      1.8) 0 (  0.0%) |
		[      1.8:        2) 0 (  0.0%) |
	Output Pin Usage:
		Max: 1.00 (1.00)
		Avg: 0.75 (0.75)
		Min: 0.00 (0.00)
		Histogram:
		[        0:      0.1) 1 ( 25.0%) |****************
		[      0.1:      0.2) 0 (  0.0%) |
		[      0.2:      0.3) 0 (  0.0%) |
		[      0.3:      0.4) 0 (  0.0%) |
		[      0.4:      0.5) 0 (  0.0%) |
		[      0.5:      0.6) 0 (  0.0%) |
		[      0.6:      0.7) 0 (  0.0%) |
		[      0.7:      0.8) 0 (  0.0%) |
		[      0.8:      0.9) 0 (  0.0%) |
		[      0.9:        1) 3 ( 75.0%) |*************************************************

Type: clb
	Input Pin Usage:
		Max: 3.00 (0.07)
		Avg: 3.00 (0.07)
		Min: 3.00 (0.07)
		Histogram:
		[        0:      4.2) 1 (100.0%) |**************************************************
		[      4.2:      8.4) 0 (  0.0%) |
		[      8.4:       13) 0 (  0.0%) |
		[       13:       17) 0 (  0.0%) |
		[       17:       21) 0 (  0.0%) |
		[       21:       25) 0 (  0.0%) |
		[       25:       29) 0 (  0.0%) |
		[       29:       34) 0 (  0.0%) |
		[       34:       38) 0 (  0.0%) |
		[       38:       42) 0 (  0.0%) |
	Output Pin Usage:
		Max: 1.00 (0.05)
		Avg: 1.00 (0.05)
		Min: 1.00 (0.05)
		Histogram:
		[        0:      2.1) 1 (100.0%) |**************************************************
		[      2.1:      4.2) 0 (  0.0%) |
		[      4.2:      6.3) 0 (  0.0%) |
		[      6.3:      8.4) 0 (  0.0%) |
		[      8.4:       10) 0 (  0.0%) |
		[       10:       13) 0 (  0.0%) |
		[       13:       15) 0 (  0.0%) |
		[       15:       17) 0 (  0.0%) |
		[       17:       19) 0 (  0.0%) |
		[       19:       21) 0 (  0.0%) |

