#Timing report of worst 2 path(s)
# Unit scale: 1e-09 seconds
# Output precision: 3

#Path 1
Startpoint: and_latch^b_in.inpad[0] (.input clocked by and_latch^clock)
Endpoint  : and_latch^out_FF.D[0] (.latch clocked by and_latch^clock)
Path Type : hold

Point                                                             Incr      Path
--------------------------------------------------------------------------------
clock and_latch^clock (rise edge)                                0.000     0.000
clock source latency                                             0.000     0.000
input external delay                                             0.000     0.000
and_latch^b_in.inpad[0] (.input)                                 0.000     0.000
n9.in[1] (.names)                                                0.260     0.260
n9.out[0] (.names)                                               0.174     0.434
and_latch^out_FF.D[0] (.latch)                                   0.000     0.434
data arrival time                                                          0.434

clock and_latch^clock (rise edge)                                0.000     0.000
clock source latency                                             0.000     0.000
and_latch^clock.inpad[0] (.input)                                0.000     0.000
and_latch^out_FF.clk[0] (.latch)                                 0.039     0.039
clock uncertainty                                                0.000     0.039
cell hold time                                                   0.037     0.076
data required time                                                         0.076
--------------------------------------------------------------------------------
data required time                                                        -0.076
data arrival time                                                          0.434
--------------------------------------------------------------------------------
slack (MET)                                                                0.358


#Path 2
Startpoint: and_latch^out_FF.Q[0] (.latch clocked by and_latch^clock)
Endpoint  : out:and_latch^out.outpad[0] (.output clocked by and_latch^clock)
Path Type : hold

Point                                                             Incr      Path
--------------------------------------------------------------------------------
clock and_latch^clock (rise edge)                                0.000     0.000
clock source latency                                             0.000     0.000
and_latch^clock.inpad[0] (.input)                                0.000     0.000
and_latch^out_FF.clk[0] (.latch)                                 0.039     0.039
and_latch^out_FF.Q[0] (.latch) [clock-to-output]                 0.060     0.099
out:and_latch^out.outpad[0] (.output)                            0.883     0.983
data arrival time                                                          0.983

clock and_latch^clock (rise edge)                                0.000     0.000
clock source latency                                             0.000     0.000
clock uncertainty                                                0.000     0.000
output external delay                                            0.000     0.000
data required time                                                         0.000
--------------------------------------------------------------------------------
data required time                                                        -0.000
data arrival time                                                          0.983
--------------------------------------------------------------------------------
slack (MET)                                                                0.983


#End of timing report
