#Packing pin usage report
Type: io
	Input Pin Usage:
		Max: 1.00 (0.50)
		Avg: 0.21 (0.11)
		Min: 0.00 (0.00)
		Histogram:
		[        0:      0.2) 11 ( 78.6%) |************************************************
		[      0.2:      0.4)  0 (  0.0%) |
		[      0.4:      0.6)  0 (  0.0%) |
		[      0.6:      0.8)  0 (  0.0%) |
		[      0.8:        1)  3 ( 21.4%) |*************
		[        1:      1.2)  0 (  0.0%) |
		[      1.2:      1.4)  0 (  0.0%) |
		[      1.4:      1.6)  0 (  0.0%) |
		[      1.6:      1.8)  0 (  0.0%) |
		[      1.8:        2)  0 (  0.0%) |
	Output Pin Usage:
		Max: 1.00 (1.00)
		Avg: 0.79 (0.79)
		Min: 0.00 (0.00)
		Histogram:
		[        0:      0.1)  3 ( 21.4%) |*************
		[      0.1:      0.2)  0 (  0.0%) |
		[      0.2:      0.3)  0 (  0.0%) |
		[      0.3:      0.4)  0 (  0.0%) |
		[      0.4:      0.5)  0 (  0.0%) |
		[      0.5:      0.6)  0 (  0.0%) |
		[      0.6:      0.7)  0 (  0.0%) |
		[      0.7:      0.8)  0 (  0.0%) |
		[      0.8:      0.9)  0 (  0.0%) |
		[      0.9:        1) 11 ( 78.6%) |************************************************

Type: memory
	Input Pin Usage:
		Max: 4.00 (0.04)
		Avg: 2.45 (0.03)
		Min: 1.00 (0.01)
		Histogram:
		[        0:      9.7) 62 (100.0%) |************************************************
		[      9.7:       19)  0 (  0.0%) |
		[       19:       29)  0 (  0.0%) |
		[       29:       39)  0 (  0.0%) |
		[       39:       48)  0 (  0.0%) |
		[       48:       58)  0 (  0.0%) |
		[       58:       68)  0 (  0.0%) |
		[       68:       78)  0 (  0.0%) |
		[       78:       87)  0 (  0.0%) |
		[       87:       97)  0 (  0.0%) |
	Output Pin Usage:
		Max: 3.00 (0.05)
		Avg: 1.69 (0.03)
		Min: 1.00 (0.02)
		Histogram:
		[        0:      6.4) 62 (100.0%) |************************************************
		[      6.4:       13)  0 (  0.0%) |
		[       13:       19)  0 (  0.0%) |
		[       19:       26)  0 (  0.0%) |
		[       26:       32)  0 (  0.0%) |
		[       32:       38)  0 (  0.0%) |
		[       38:       45)  0 (  0.0%) |
		[       45:       51)  0 (  0.0%) |
		[       51:       58)  0 (  0.0%) |
		[       58:       64)  0 (  0.0%) |

